#-----------------------------------------------------------
# Vivado v2024.2 (64-bit)
# SW Build 5239630 on Fri Nov 08 22:35:27 MST 2024
# IP Build 5239520 on Sun Nov 10 16:12:51 MST 2024
# SharedData Build 5239561 on Fri Nov 08 14:39:27 MST 2024
# Start of session at: Thu Mar 27 13:55:22 2025
# Process ID         : 51004
# Current directory  : C:/Users/Jing Ting.LENOVO-T14/Downloads/Colab_DSL_Practice25-0865141e546e601a029f7c385b6bd2fd61b6fdb0/Demo_Code/T03_CmodA7_Uart_ADC
# Command line       : vivado.exe -gui_launcher_event rodinguilauncherevent51148 C:\Users\Jing Ting.LENOVO-T14\Downloads\Colab_DSL_Practice25-0865141e546e601a029f7c385b6bd2fd61b6fdb0\Demo_Code\T03_CmodA7_Uart_ADC\p2_cmoda7_MP3202_Demo.xpr
# Log file           : C:/Users/Jing Ting.LENOVO-T14/Downloads/Colab_DSL_Practice25-0865141e546e601a029f7c385b6bd2fd61b6fdb0/Demo_Code/T03_CmodA7_Uart_ADC/vivado.log
# Journal file       : C:/Users/Jing Ting.LENOVO-T14/Downloads/Colab_DSL_Practice25-0865141e546e601a029f7c385b6bd2fd61b6fdb0/Demo_Code/T03_CmodA7_Uart_ADC\vivado.jou
# Running On         : Lenovo-T14
# Platform           : Windows Server 2016 or Windows 10
# Operating System   : 22631
# Processor Detail   : AMD Ryzen 7 PRO 4750U with Radeon Graphics
# CPU Frequency      : 1697 MHz
# CPU Physical cores : 8
# CPU Logical cores  : 16
# Host memory        : 33528 MB
# Swap memory        : 4831 MB
# Total Virtual      : 38360 MB
# Available Virtual  : 17597 MB
#-----------------------------------------------------------
start_gui
WARNING: [Board 49-91] Board repository path 'Ting.LENOVO-T14/Downloads/Colab_DSL_Practice25-0865141e546e601a029f7c385b6bd2fd61b6fdb0/Demo_Code/T03_CmodA7_Uart_ADC/Ting.LENOVO-T14/Downloads/Colab_DSL_Practice25-0865141e546e601a029f7c385b6bd2fd61b6fdb0/Demo_Code/T03_CmodA7_Uart_ADC/Ting.LENOVO-T14/AppData/Roaming/Xilinx/Vivado/2024.2/xhub/board_store/xilinx_board_store' does not exist, it will not be used to search board files.
WARNING: [Board 49-91] Board repository path 'Ting.LENOVO-T14/Downloads/Colab_DSL_Practice25-0865141e546e601a029f7c385b6bd2fd61b6fdb0/Demo_Code/T03_CmodA7_Uart_ADC/Ting.LENOVO-T14/Downloads/Colab_DSL_Practice25-0865141e546e601a029f7c385b6bd2fd61b6fdb0/Demo_Code/T03_CmodA7_Uart_ADC/Ting.LENOVO-T14/AppData/Roaming/Xilinx/Vivado/Ting.LENOVO-T14/AppData/Roaming/Xilinx/Vivado/Ting.LENOVO-T14/AppData/Roaming/Xilinx/Vivado/2024.2/xhub/board_store/xilinx_board_store' does not exist, it will not be used to search board files.
WARNING: [Board 49-91] Board repository path 'Ting.LENOVO-T14/Downloads/Colab_DSL_Practice25-0865141e546e601a029f7c385b6bd2fd61b6fdb0/Demo_Code/T03_CmodA7_Uart_ADC/Ting.LENOVO-T14/Downloads/Colab_DSL_Practice25-0865141e546e601a029f7c385b6bd2fd61b6fdb0/Demo_Code/T03_CmodA7_Uart_ADC/Ting.LENOVO-T14/AppData/Roaming/Xilinx/Vivado/Ting.LENOVO-T14/AppData/Roaming/Xilinx/Vivado/Ting.LENOVO-T14/AppData/Roaming/Xilinx/Vivado/Ting.LENOVO-T14/AppData/Roaming/Xilinx/Vivado/Ting.LENOVO-T14/AppData/Roaming/Xilinx/Vivado/2024.2/xhub/board_store/xilinx_board_store' does not exist, it will not be used to search board files.
WARNING: [Board 49-91] Board repository path 'Ting.LENOVO-T14/Downloads/Colab_DSL_Practice25-0865141e546e601a029f7c385b6bd2fd61b6fdb0/Demo_Code/T03_CmodA7_Uart_ADC/Ting.LENOVO-T14/Downloads/Colab_DSL_Practice25-0865141e546e601a029f7c385b6bd2fd61b6fdb0/Demo_Code/T03_CmodA7_Uart_ADC/Ting.LENOVO-T14/AppData/Roaming/Xilinx/Vivado/Ting.LENOVO-T14/AppData/Roaming/Xilinx/Vivado/Ting.LENOVO-T14/AppData/Roaming/Xilinx/Vivado/Ting.LENOVO-T14/AppData/Roaming/Xilinx/Vivado/Ting.LENOVO-T14/AppData/Roaming/Xilinx/Vivado/Ting.LENOVO-T14/AppData/Roaming/Xilinx/Vivado/2024.2/xhub/board_store/xilinx_board_store' does not exist, it will not be used to search board files.
open_project {C:/Users/Jing Ting.LENOVO-T14/Downloads/Colab_DSL_Practice25-0865141e546e601a029f7c385b6bd2fd61b6fdb0/Demo_Code/T03_CmodA7_Uart_ADC/p2_cmoda7_MP3202_Demo.xpr}
INFO: [ProjectBase 1-489] The host OS only allows 260 characters in a normal path. The project is stored in a path with more than 80 characters. If you experience issues with IP, Block Designs, or files not being found, please consider moving the project to a location with a shorter path. Alternately consider using the OS subst command to map part of the path to a drive letter.
Current project path is 'C:/Users/Jing Ting.LENOVO-T14/Downloads/Colab_DSL_Practice25-0865141e546e601a029f7c385b6bd2fd61b6fdb0/Demo_Code/T03_CmodA7_Uart_ADC'
INFO: [filemgmt 56-3] Default IP Output Path : Could not find the directory 'C:/Users/Jing Ting.LENOVO-T14/Downloads/Colab_DSL_Practice25-0865141e546e601a029f7c385b6bd2fd61b6fdb0/Demo_Code/T03_CmodA7_Uart_ADC/p2_cmoda7_MP3202_Demo.gen/sources_1'.
WARNING: [filemgmt 56-3] IPUserFilesDir: Could not find the directory 'C:/Users/Jing Ting.LENOVO-T14/Downloads/Colab_DSL_Practice25-0865141e546e601a029f7c385b6bd2fd61b6fdb0/Demo_Code/T03_CmodA7_Uart_ADC/p2_cmoda7_MP3202_Demo.ip_user_files'.
Scanning sources...
Finished scanning sources
INFO: [IP_Flow 19-234] Refreshing IP repositories
INFO: [IP_Flow 19-1704] No user IP repositories specified
INFO: [IP_Flow 19-2313] Loaded Vivado IP repository 'C:/Xilinx/Vivado/2024.2/data/ip'.
update_compile_order -fileset sources_1
close_project
open_project {C:/Users/Jing Ting.LENOVO-T14/Downloads/Colab_DSL_Practice25-0865141e546e601a029f7c385b6bd2fd61b6fdb0/Demo_Code/T03_CmodA7_Uart_ADC/p2_cmoda7_MP3202_Demo.xpr}
INFO: [ProjectBase 1-489] The host OS only allows 260 characters in a normal path. The project is stored in a path with more than 80 characters. If you experience issues with IP, Block Designs, or files not being found, please consider moving the project to a location with a shorter path. Alternately consider using the OS subst command to map part of the path to a drive letter.
Current project path is 'C:/Users/Jing Ting.LENOVO-T14/Downloads/Colab_DSL_Practice25-0865141e546e601a029f7c385b6bd2fd61b6fdb0/Demo_Code/T03_CmodA7_Uart_ADC'
INFO: [filemgmt 56-3] Default IP Output Path : Could not find the directory 'C:/Users/Jing Ting.LENOVO-T14/Downloads/Colab_DSL_Practice25-0865141e546e601a029f7c385b6bd2fd61b6fdb0/Demo_Code/T03_CmodA7_Uart_ADC/p2_cmoda7_MP3202_Demo.gen/sources_1'.
WARNING: [filemgmt 56-3] IPUserFilesDir: Could not find the directory 'C:/Users/Jing Ting.LENOVO-T14/Downloads/Colab_DSL_Practice25-0865141e546e601a029f7c385b6bd2fd61b6fdb0/Demo_Code/T03_CmodA7_Uart_ADC/p2_cmoda7_MP3202_Demo.ip_user_files'.
Scanning sources...
Finished scanning sources
INFO: [IP_Flow 19-234] Refreshing IP repositories
INFO: [IP_Flow 19-1704] No user IP repositories specified
INFO: [IP_Flow 19-2313] Loaded Vivado IP repository 'C:/Xilinx/Vivado/2024.2/data/ip'.
update_compile_order -fileset sources_1
open_hw_manager
connect_hw_server -allow_non_jtag
INFO: [Labtools 27-2285] Connecting to hw_server url TCP:localhost:3121
INFO: [Labtools 27-2222] Launching hw_server...
INFO: [Labtools 27-2221] Launch Output:

****** Xilinx hw_server v2024.2
  **** Build date : Oct 29 2024 at 10:25:41
    ** Copyright 1986-2022 Xilinx, Inc. All Rights Reserved.


INFO: [Labtools 27-3415] Connecting to cs_server url TCP:localhost:0
INFO: [Labtools 27-3417] Launching cs_server...
INFO: [Labtools 27-2221] Launch Output:


******** Xilinx cs_server v2024.2.0
  ****** Build date   : Oct 31 2024-02:19:07
    **** Build number : 2024.2.1730312347
      ** Copyright 2017-2022 Xilinx, Inc. All Rights Reserved.
      ** Copyright 2022-2025 Advanced Micro Devices, Inc. All Rights Reserved.



connect_hw_server: Time (s): cpu = 00:00:01 ; elapsed = 00:00:06 . Memory (MB): peak = 1209.273 ; gain = 11.586
open_hw_target
INFO: [Labtoolstcl 44-466] Opening hw_target localhost:3121/xilinx_tcf/Digilent/210328B995F7A
set_property PROGRAM.FILE {C:/Users/Jing Ting.LENOVO-T14/Downloads/Colab_DSL_Practice25-0865141e546e601a029f7c385b6bd2fd61b6fdb0/Demo_Code/T03_CmodA7_Uart_ADC/p2_cmoda7_MP3202_Demo.runs/impl_1/top_module.bit} [get_hw_devices xc7a35t_0]
current_hw_device [get_hw_devices xc7a35t_0]
refresh_hw_device -update_hw_probes false [lindex [get_hw_devices xc7a35t_0] 0]
INFO: [Labtools 27-1434] Device xc7a35t (JTAG device index = 0) is programmed with a design that has no supported debug core(s) in it.
create_hw_cfgmem -hw_device [get_hw_devices xc7a35t_0] -mem_dev [lindex [get_cfgmem_parts {mx25l3273f-spi-x1_x2_x4}] 0]
set_property PROBES.FILE {} [get_hw_devices xc7a35t_0]
set_property FULL_PROBES.FILE {} [get_hw_devices xc7a35t_0]
set_property PROGRAM.FILE {C:/Users/Jing Ting.LENOVO-T14/Downloads/Colab_DSL_Practice25-0865141e546e601a029f7c385b6bd2fd61b6fdb0/Demo_Code/T03_CmodA7_Uart_ADC/p2_cmoda7_MP3202_Demo.runs/impl_1/top_module.bit} [get_hw_devices xc7a35t_0]
program_hw_devices [get_hw_devices xc7a35t_0]
INFO: [Labtools 27-3164] End of startup status: HIGH
refresh_hw_device [lindex [get_hw_devices xc7a35t_0] 0]
INFO: [Labtools 27-1434] Device xc7a35t (JTAG device index = 0) is programmed with a design that has no supported debug core(s) in it.
close_hw_manager
WARNING: [filemgmt 56-199] Attempt to get parsing info during refresh. "On-the-fly" syntax checking information may be incorrect. [C:\Users\Jing Ting.LENOVO-T14\Downloads\Colab_DSL_Practice25-0865141e546e601a029f7c385b6bd2fd61b6fdb0\Demo_Code\T03_CmodA7_Uart_ADC\p2_cmoda7_MP3202_Demo.srcs\sources_1\new\drv_uart_tx.v:]
WARNING: [filemgmt 56-199] Attempt to get parsing info during refresh. "On-the-fly" syntax checking information may be incorrect. [C:\Users\Jing Ting.LENOVO-T14\Downloads\Colab_DSL_Practice25-0865141e546e601a029f7c385b6bd2fd61b6fdb0\Demo_Code\T03_CmodA7_Uart_ADC\p2_cmoda7_MP3202_Demo.srcs\sources_1\new\clock_div.v:]
WARNING: [filemgmt 56-199] Attempt to get parsing info during refresh. "On-the-fly" syntax checking information may be incorrect. [C:\Users\Jing Ting.LENOVO-T14\Downloads\Colab_DSL_Practice25-0865141e546e601a029f7c385b6bd2fd61b6fdb0\Demo_Code\T03_CmodA7_Uart_ADC\p2_cmoda7_MP3202_Demo.srcs\sources_1\new\topmodule.v:]
WARNING: [filemgmt 56-199] Attempt to get parsing info during refresh. "On-the-fly" syntax checking information may be incorrect. [C:\Users\Jing Ting.LENOVO-T14\Downloads\Colab_DSL_Practice25-0865141e546e601a029f7c385b6bd2fd61b6fdb0\Demo_Code\T03_CmodA7_Uart_ADC\p2_cmoda7_MP3202_Demo.srcs\sources_1\new\drv_uart_tx.v:]
WARNING: [filemgmt 56-199] Attempt to get parsing info during refresh. "On-the-fly" syntax checking information may be incorrect. [C:\Users\Jing Ting.LENOVO-T14\Downloads\Colab_DSL_Practice25-0865141e546e601a029f7c385b6bd2fd61b6fdb0\Demo_Code\T03_CmodA7_Uart_ADC\p2_cmoda7_MP3202_Demo.srcs\sources_1\new\drv_uart_tx.v:]
WARNING: [filemgmt 56-199] Attempt to get parsing info during refresh. "On-the-fly" syntax checking information may be incorrect. [C:\Users\Jing Ting.LENOVO-T14\Downloads\Colab_DSL_Practice25-0865141e546e601a029f7c385b6bd2fd61b6fdb0\Demo_Code\T03_CmodA7_Uart_ADC\p2_cmoda7_MP3202_Demo.srcs\sources_1\new\drv_uart_tx.v:]
WARNING: [filemgmt 56-199] Attempt to get parsing info during refresh. "On-the-fly" syntax checking information may be incorrect. [C:\Users\Jing Ting.LENOVO-T14\Downloads\Colab_DSL_Practice25-0865141e546e601a029f7c385b6bd2fd61b6fdb0\Demo_Code\T03_CmodA7_Uart_ADC\p2_cmoda7_MP3202_Demo.srcs\sources_1\new\clock_div.v:]
WARNING: [filemgmt 56-199] Attempt to get parsing info during refresh. "On-the-fly" syntax checking information may be incorrect. [C:\Users\Jing Ting.LENOVO-T14\Downloads\Colab_DSL_Practice25-0865141e546e601a029f7c385b6bd2fd61b6fdb0\Demo_Code\T03_CmodA7_Uart_ADC\p2_cmoda7_MP3202_Demo.srcs\sources_1\new\topmodule.v:]
WARNING: [filemgmt 56-199] Attempt to get parsing info during refresh. "On-the-fly" syntax checking information may be incorrect. [C:\Users\Jing Ting.LENOVO-T14\Downloads\Colab_DSL_Practice25-0865141e546e601a029f7c385b6bd2fd61b6fdb0\Demo_Code\T03_CmodA7_Uart_ADC\p2_cmoda7_MP3202_Demo.srcs\sources_1\new\clock_div.v:]
WARNING: [filemgmt 56-199] Attempt to get parsing info during refresh. "On-the-fly" syntax checking information may be incorrect. [C:\Users\Jing Ting.LENOVO-T14\Downloads\Colab_DSL_Practice25-0865141e546e601a029f7c385b6bd2fd61b6fdb0\Demo_Code\T03_CmodA7_Uart_ADC\p2_cmoda7_MP3202_Demo.srcs\sources_1\new\clock_div.v:]
ERROR: [Common 17-180] Spawn failed: No error
update_compile_order -fileset sources_1
WARNING: [filemgmt 56-199] Attempt to get parsing info during refresh. "On-the-fly" syntax checking information may be incorrect. [C:\Users\Jing Ting.LENOVO-T14\Downloads\Colab_DSL_Practice25-0865141e546e601a029f7c385b6bd2fd61b6fdb0\Demo_Code\T03_CmodA7_Uart_ADC\p2_cmoda7_MP3202_Demo.srcs\sources_1\new\drv_uart_tx.v:]
WARNING: [filemgmt 56-199] Attempt to get parsing info during refresh. "On-the-fly" syntax checking information may be incorrect. [C:\Users\Jing Ting.LENOVO-T14\Downloads\Colab_DSL_Practice25-0865141e546e601a029f7c385b6bd2fd61b6fdb0\Demo_Code\T03_CmodA7_Uart_ADC\p2_cmoda7_MP3202_Demo.srcs\sources_1\new\clock_div.v:]
WARNING: [filemgmt 56-199] Attempt to get parsing info during refresh. "On-the-fly" syntax checking information may be incorrect. [C:\Users\Jing Ting.LENOVO-T14\Downloads\Colab_DSL_Practice25-0865141e546e601a029f7c385b6bd2fd61b6fdb0\Demo_Code\T03_CmodA7_Uart_ADC\p2_cmoda7_MP3202_Demo.srcs\sources_1\new\topmodule.v:]
WARNING: [filemgmt 56-199] Attempt to get parsing info during refresh. "On-the-fly" syntax checking information may be incorrect. [C:\Users\Jing Ting.LENOVO-T14\Downloads\Colab_DSL_Practice25-0865141e546e601a029f7c385b6bd2fd61b6fdb0\Demo_Code\T03_CmodA7_Uart_ADC\p2_cmoda7_MP3202_Demo.srcs\sources_1\new\drv_uart_tx.v:]
WARNING: [filemgmt 56-199] Attempt to get parsing info during refresh. "On-the-fly" syntax checking information may be incorrect. [C:\Users\Jing Ting.LENOVO-T14\Downloads\Colab_DSL_Practice25-0865141e546e601a029f7c385b6bd2fd61b6fdb0\Demo_Code\T03_CmodA7_Uart_ADC\p2_cmoda7_MP3202_Demo.srcs\sources_1\new\drv_uart_tx.v:]
WARNING: [filemgmt 56-199] Attempt to get parsing info during refresh. "On-the-fly" syntax checking information may be incorrect. [C:\Users\Jing Ting.LENOVO-T14\Downloads\Colab_DSL_Practice25-0865141e546e601a029f7c385b6bd2fd61b6fdb0\Demo_Code\T03_CmodA7_Uart_ADC\p2_cmoda7_MP3202_Demo.srcs\sources_1\new\drv_uart_tx.v:]
WARNING: [filemgmt 56-199] Attempt to get parsing info during refresh. "On-the-fly" syntax checking information may be incorrect. [C:\Users\Jing Ting.LENOVO-T14\Downloads\Colab_DSL_Practice25-0865141e546e601a029f7c385b6bd2fd61b6fdb0\Demo_Code\T03_CmodA7_Uart_ADC\p2_cmoda7_MP3202_Demo.srcs\sources_1\new\clock_div.v:]
WARNING: [filemgmt 56-199] Attempt to get parsing info during refresh. "On-the-fly" syntax checking information may be incorrect. [C:\Users\Jing Ting.LENOVO-T14\Downloads\Colab_DSL_Practice25-0865141e546e601a029f7c385b6bd2fd61b6fdb0\Demo_Code\T03_CmodA7_Uart_ADC\p2_cmoda7_MP3202_Demo.srcs\sources_1\new\topmodule.v:]
WARNING: [filemgmt 56-199] Attempt to get parsing info during refresh. "On-the-fly" syntax checking information may be incorrect. [C:\Users\Jing Ting.LENOVO-T14\Downloads\Colab_DSL_Practice25-0865141e546e601a029f7c385b6bd2fd61b6fdb0\Demo_Code\T03_CmodA7_Uart_ADC\p2_cmoda7_MP3202_Demo.srcs\sources_1\new\clock_div.v:]
WARNING: [filemgmt 56-199] Attempt to get parsing info during refresh. "On-the-fly" syntax checking information may be incorrect. [C:\Users\Jing Ting.LENOVO-T14\Downloads\Colab_DSL_Practice25-0865141e546e601a029f7c385b6bd2fd61b6fdb0\Demo_Code\T03_CmodA7_Uart_ADC\p2_cmoda7_MP3202_Demo.srcs\sources_1\new\clock_div.v:]
ERROR: [Common 17-180] Spawn failed: No error
reset_run synth_1
WARNING: [filemgmt 56-199] Attempt to get parsing info during refresh. "On-the-fly" syntax checking information may be incorrect. [C:\Users\Jing Ting.LENOVO-T14\Downloads\Colab_DSL_Practice25-0865141e546e601a029f7c385b6bd2fd61b6fdb0\Demo_Code\T03_CmodA7_Uart_ADC\p2_cmoda7_MP3202_Demo.srcs\sources_1\new\drv_uart_tx.v:]
WARNING: [filemgmt 56-199] Attempt to get parsing info during refresh. "On-the-fly" syntax checking information may be incorrect. [C:\Users\Jing Ting.LENOVO-T14\Downloads\Colab_DSL_Practice25-0865141e546e601a029f7c385b6bd2fd61b6fdb0\Demo_Code\T03_CmodA7_Uart_ADC\p2_cmoda7_MP3202_Demo.srcs\sources_1\new\clock_div.v:]
WARNING: [filemgmt 56-199] Attempt to get parsing info during refresh. "On-the-fly" syntax checking information may be incorrect. [C:\Users\Jing Ting.LENOVO-T14\Downloads\Colab_DSL_Practice25-0865141e546e601a029f7c385b6bd2fd61b6fdb0\Demo_Code\T03_CmodA7_Uart_ADC\p2_cmoda7_MP3202_Demo.srcs\sources_1\new\topmodule.v:]
WARNING: [filemgmt 56-199] Attempt to get parsing info during refresh. "On-the-fly" syntax checking information may be incorrect. [C:\Users\Jing Ting.LENOVO-T14\Downloads\Colab_DSL_Practice25-0865141e546e601a029f7c385b6bd2fd61b6fdb0\Demo_Code\T03_CmodA7_Uart_ADC\p2_cmoda7_MP3202_Demo.srcs\sources_1\new\drv_uart_tx.v:]
WARNING: [filemgmt 56-199] Attempt to get parsing info during refresh. "On-the-fly" syntax checking information may be incorrect. [C:\Users\Jing Ting.LENOVO-T14\Downloads\Colab_DSL_Practice25-0865141e546e601a029f7c385b6bd2fd61b6fdb0\Demo_Code\T03_CmodA7_Uart_ADC\p2_cmoda7_MP3202_Demo.srcs\sources_1\new\drv_uart_tx.v:]
INFO: [Project 1-1161] Replacing file C:/Users/Jing Ting.LENOVO-T14/Downloads/Colab_DSL_Practice25-0865141e546e601a029f7c385b6bd2fd61b6fdb0/Demo_Code/T03_CmodA7_Uart_ADC/p2_cmoda7_MP3202_Demo.srcs/utils_1/imports/synth_1/top_module.dcp with file C:/Users/Jing Ting.LENOVO-T14/Downloads/Colab_DSL_Practice25-0865141e546e601a029f7c385b6bd2fd61b6fdb0/Demo_Code/T03_CmodA7_Uart_ADC/p2_cmoda7_MP3202_Demo.runs/synth_1/top_module.dcp
WARNING: [filemgmt 56-199] Attempt to get parsing info during refresh. "On-the-fly" syntax checking information may be incorrect. [C:\Users\Jing Ting.LENOVO-T14\Downloads\Colab_DSL_Practice25-0865141e546e601a029f7c385b6bd2fd61b6fdb0\Demo_Code\T03_CmodA7_Uart_ADC\p2_cmoda7_MP3202_Demo.srcs\sources_1\new\drv_uart_tx.v:]
WARNING: [filemgmt 56-199] Attempt to get parsing info during refresh. "On-the-fly" syntax checking information may be incorrect. [C:\Users\Jing Ting.LENOVO-T14\Downloads\Colab_DSL_Practice25-0865141e546e601a029f7c385b6bd2fd61b6fdb0\Demo_Code\T03_CmodA7_Uart_ADC\p2_cmoda7_MP3202_Demo.srcs\sources_1\new\clock_div.v:]
WARNING: [filemgmt 56-199] Attempt to get parsing info during refresh. "On-the-fly" syntax checking information may be incorrect. [C:\Users\Jing Ting.LENOVO-T14\Downloads\Colab_DSL_Practice25-0865141e546e601a029f7c385b6bd2fd61b6fdb0\Demo_Code\T03_CmodA7_Uart_ADC\p2_cmoda7_MP3202_Demo.srcs\sources_1\new\topmodule.v:]
WARNING: [filemgmt 56-199] Attempt to get parsing info during refresh. "On-the-fly" syntax checking information may be incorrect. [C:\Users\Jing Ting.LENOVO-T14\Downloads\Colab_DSL_Practice25-0865141e546e601a029f7c385b6bd2fd61b6fdb0\Demo_Code\T03_CmodA7_Uart_ADC\p2_cmoda7_MP3202_Demo.srcs\sources_1\new\clock_div.v:]
WARNING: [filemgmt 56-199] Attempt to get parsing info during refresh. "On-the-fly" syntax checking information may be incorrect. [C:\Users\Jing Ting.LENOVO-T14\Downloads\Colab_DSL_Practice25-0865141e546e601a029f7c385b6bd2fd61b6fdb0\Demo_Code\T03_CmodA7_Uart_ADC\p2_cmoda7_MP3202_Demo.srcs\sources_1\new\clock_div.v:]
WARNING: [filemgmt 56-199] Attempt to get parsing info during refresh. "On-the-fly" syntax checking information may be incorrect. [C:\Users\Jing Ting.LENOVO-T14\Downloads\Colab_DSL_Practice25-0865141e546e601a029f7c385b6bd2fd61b6fdb0\Demo_Code\T03_CmodA7_Uart_ADC\p2_cmoda7_MP3202_Demo.srcs\sources_1\new\drv_uart_tx.v:]
WARNING: [filemgmt 56-199] Attempt to get parsing info during refresh. "On-the-fly" syntax checking information may be incorrect. [C:\Users\Jing Ting.LENOVO-T14\Downloads\Colab_DSL_Practice25-0865141e546e601a029f7c385b6bd2fd61b6fdb0\Demo_Code\T03_CmodA7_Uart_ADC\p2_cmoda7_MP3202_Demo.srcs\sources_1\new\clock_div.v:]
WARNING: [filemgmt 56-199] Attempt to get parsing info during refresh. "On-the-fly" syntax checking information may be incorrect. [C:\Users\Jing Ting.LENOVO-T14\Downloads\Colab_DSL_Practice25-0865141e546e601a029f7c385b6bd2fd61b6fdb0\Demo_Code\T03_CmodA7_Uart_ADC\p2_cmoda7_MP3202_Demo.srcs\sources_1\new\topmodule.v:]
WARNING: [filemgmt 56-199] Attempt to get parsing info during refresh. "On-the-fly" syntax checking information may be incorrect. [C:\Users\Jing Ting.LENOVO-T14\Downloads\Colab_DSL_Practice25-0865141e546e601a029f7c385b6bd2fd61b6fdb0\Demo_Code\T03_CmodA7_Uart_ADC\p2_cmoda7_MP3202_Demo.srcs\sources_1\new\drv_uart_tx.v:]
WARNING: [filemgmt 56-199] Attempt to get parsing info during refresh. "On-the-fly" syntax checking information may be incorrect. [C:\Users\Jing Ting.LENOVO-T14\Downloads\Colab_DSL_Practice25-0865141e546e601a029f7c385b6bd2fd61b6fdb0\Demo_Code\T03_CmodA7_Uart_ADC\p2_cmoda7_MP3202_Demo.srcs\sources_1\new\drv_uart_tx.v:]
WARNING: [filemgmt 56-199] Attempt to get parsing info during refresh. "On-the-fly" syntax checking information may be incorrect. [C:\Users\Jing Ting.LENOVO-T14\Downloads\Colab_DSL_Practice25-0865141e546e601a029f7c385b6bd2fd61b6fdb0\Demo_Code\T03_CmodA7_Uart_ADC\p2_cmoda7_MP3202_Demo.srcs\sources_1\new\drv_uart_tx.v:]
WARNING: [filemgmt 56-199] Attempt to get parsing info during refresh. "On-the-fly" syntax checking information may be incorrect. [C:\Users\Jing Ting.LENOVO-T14\Downloads\Colab_DSL_Practice25-0865141e546e601a029f7c385b6bd2fd61b6fdb0\Demo_Code\T03_CmodA7_Uart_ADC\p2_cmoda7_MP3202_Demo.srcs\sources_1\new\clock_div.v:]
WARNING: [filemgmt 56-199] Attempt to get parsing info during refresh. "On-the-fly" syntax checking information may be incorrect. [C:\Users\Jing Ting.LENOVO-T14\Downloads\Colab_DSL_Practice25-0865141e546e601a029f7c385b6bd2fd61b6fdb0\Demo_Code\T03_CmodA7_Uart_ADC\p2_cmoda7_MP3202_Demo.srcs\sources_1\new\topmodule.v:]
WARNING: [filemgmt 56-199] Attempt to get parsing info during refresh. "On-the-fly" syntax checking information may be incorrect. [C:\Users\Jing Ting.LENOVO-T14\Downloads\Colab_DSL_Practice25-0865141e546e601a029f7c385b6bd2fd61b6fdb0\Demo_Code\T03_CmodA7_Uart_ADC\p2_cmoda7_MP3202_Demo.srcs\sources_1\new\topmodule.v:]
WARNING: [filemgmt 56-199] Attempt to get parsing info during refresh. "On-the-fly" syntax checking information may be incorrect. [C:\Users\Jing Ting.LENOVO-T14\Downloads\Colab_DSL_Practice25-0865141e546e601a029f7c385b6bd2fd61b6fdb0\Demo_Code\T03_CmodA7_Uart_ADC\p2_cmoda7_MP3202_Demo.srcs\sources_1\new\topmodule.v:]
launch_runs impl_1 -to_step write_bitstream -jobs 8
[Thu Mar 27 16:42:09 2025] Launched synth_1...
Run output will be captured here: C:/Users/Jing Ting.LENOVO-T14/Downloads/Colab_DSL_Practice25-0865141e546e601a029f7c385b6bd2fd61b6fdb0/Demo_Code/T03_CmodA7_Uart_ADC/p2_cmoda7_MP3202_Demo.runs/synth_1/runme.log
[Thu Mar 27 16:42:09 2025] Launched impl_1...
Run output will be captured here: C:/Users/Jing Ting.LENOVO-T14/Downloads/Colab_DSL_Practice25-0865141e546e601a029f7c385b6bd2fd61b6fdb0/Demo_Code/T03_CmodA7_Uart_ADC/p2_cmoda7_MP3202_Demo.runs/impl_1/runme.log
reset_run synth_1
WARNING: [filemgmt 56-199] Attempt to get parsing info during refresh. "On-the-fly" syntax checking information may be incorrect. [C:\Users\Jing Ting.LENOVO-T14\Downloads\Colab_DSL_Practice25-0865141e546e601a029f7c385b6bd2fd61b6fdb0\Demo_Code\T03_CmodA7_Uart_ADC\p2_cmoda7_MP3202_Demo.srcs\sources_1\new\drv_uart_tx.v:]
WARNING: [filemgmt 56-199] Attempt to get parsing info during refresh. "On-the-fly" syntax checking information may be incorrect. [C:\Users\Jing Ting.LENOVO-T14\Downloads\Colab_DSL_Practice25-0865141e546e601a029f7c385b6bd2fd61b6fdb0\Demo_Code\T03_CmodA7_Uart_ADC\p2_cmoda7_MP3202_Demo.srcs\sources_1\new\clock_div.v:]
WARNING: [filemgmt 56-199] Attempt to get parsing info during refresh. "On-the-fly" syntax checking information may be incorrect. [C:\Users\Jing Ting.LENOVO-T14\Downloads\Colab_DSL_Practice25-0865141e546e601a029f7c385b6bd2fd61b6fdb0\Demo_Code\T03_CmodA7_Uart_ADC\p2_cmoda7_MP3202_Demo.srcs\sources_1\new\topmodule.v:]
WARNING: [filemgmt 56-199] Attempt to get parsing info during refresh. "On-the-fly" syntax checking information may be incorrect. [C:\Users\Jing Ting.LENOVO-T14\Downloads\Colab_DSL_Practice25-0865141e546e601a029f7c385b6bd2fd61b6fdb0\Demo_Code\T03_CmodA7_Uart_ADC\p2_cmoda7_MP3202_Demo.srcs\sources_1\new\drv_uart_tx.v:]
WARNING: [filemgmt 56-199] Attempt to get parsing info during refresh. "On-the-fly" syntax checking information may be incorrect. [C:\Users\Jing Ting.LENOVO-T14\Downloads\Colab_DSL_Practice25-0865141e546e601a029f7c385b6bd2fd61b6fdb0\Demo_Code\T03_CmodA7_Uart_ADC\p2_cmoda7_MP3202_Demo.srcs\sources_1\new\drv_uart_tx.v:]
launch_runs impl_1 -to_step write_bitstream -jobs 8
WARNING: [filemgmt 56-199] Attempt to get parsing info during refresh. "On-the-fly" syntax checking information may be incorrect. [C:\Users\Jing Ting.LENOVO-T14\Downloads\Colab_DSL_Practice25-0865141e546e601a029f7c385b6bd2fd61b6fdb0\Demo_Code\T03_CmodA7_Uart_ADC\p2_cmoda7_MP3202_Demo.srcs\sources_1\new\drv_uart_tx.v:]
WARNING: [filemgmt 56-199] Attempt to get parsing info during refresh. "On-the-fly" syntax checking information may be incorrect. [C:\Users\Jing Ting.LENOVO-T14\Downloads\Colab_DSL_Practice25-0865141e546e601a029f7c385b6bd2fd61b6fdb0\Demo_Code\T03_CmodA7_Uart_ADC\p2_cmoda7_MP3202_Demo.srcs\sources_1\new\clock_div.v:]
WARNING: [filemgmt 56-199] Attempt to get parsing info during refresh. "On-the-fly" syntax checking information may be incorrect. [C:\Users\Jing Ting.LENOVO-T14\Downloads\Colab_DSL_Practice25-0865141e546e601a029f7c385b6bd2fd61b6fdb0\Demo_Code\T03_CmodA7_Uart_ADC\p2_cmoda7_MP3202_Demo.srcs\sources_1\new\topmodule.v:]
WARNING: [filemgmt 56-199] Attempt to get parsing info during refresh. "On-the-fly" syntax checking information may be incorrect. [C:\Users\Jing Ting.LENOVO-T14\Downloads\Colab_DSL_Practice25-0865141e546e601a029f7c385b6bd2fd61b6fdb0\Demo_Code\T03_CmodA7_Uart_ADC\p2_cmoda7_MP3202_Demo.srcs\sources_1\new\topmodule.v:]
WARNING: [filemgmt 56-199] Attempt to get parsing info during refresh. "On-the-fly" syntax checking information may be incorrect. [C:\Users\Jing Ting.LENOVO-T14\Downloads\Colab_DSL_Practice25-0865141e546e601a029f7c385b6bd2fd61b6fdb0\Demo_Code\T03_CmodA7_Uart_ADC\p2_cmoda7_MP3202_Demo.srcs\sources_1\new\topmodule.v:]
WARNING: [filemgmt 56-199] Attempt to get parsing info during refresh. "On-the-fly" syntax checking information may be incorrect. [C:\Users\Jing Ting.LENOVO-T14\Downloads\Colab_DSL_Practice25-0865141e546e601a029f7c385b6bd2fd61b6fdb0\Demo_Code\T03_CmodA7_Uart_ADC\p2_cmoda7_MP3202_Demo.srcs\sources_1\new\drv_uart_tx.v:]
WARNING: [filemgmt 56-199] Attempt to get parsing info during refresh. "On-the-fly" syntax checking information may be incorrect. [C:\Users\Jing Ting.LENOVO-T14\Downloads\Colab_DSL_Practice25-0865141e546e601a029f7c385b6bd2fd61b6fdb0\Demo_Code\T03_CmodA7_Uart_ADC\p2_cmoda7_MP3202_Demo.srcs\sources_1\new\clock_div.v:]
WARNING: [filemgmt 56-199] Attempt to get parsing info during refresh. "On-the-fly" syntax checking information may be incorrect. [C:\Users\Jing Ting.LENOVO-T14\Downloads\Colab_DSL_Practice25-0865141e546e601a029f7c385b6bd2fd61b6fdb0\Demo_Code\T03_CmodA7_Uart_ADC\p2_cmoda7_MP3202_Demo.srcs\sources_1\new\topmodule.v:]
WARNING: [filemgmt 56-199] Attempt to get parsing info during refresh. "On-the-fly" syntax checking information may be incorrect. [C:\Users\Jing Ting.LENOVO-T14\Downloads\Colab_DSL_Practice25-0865141e546e601a029f7c385b6bd2fd61b6fdb0\Demo_Code\T03_CmodA7_Uart_ADC\p2_cmoda7_MP3202_Demo.srcs\sources_1\new\drv_uart_tx.v:]
WARNING: [filemgmt 56-199] Attempt to get parsing info during refresh. "On-the-fly" syntax checking information may be incorrect. [C:\Users\Jing Ting.LENOVO-T14\Downloads\Colab_DSL_Practice25-0865141e546e601a029f7c385b6bd2fd61b6fdb0\Demo_Code\T03_CmodA7_Uart_ADC\p2_cmoda7_MP3202_Demo.srcs\sources_1\new\drv_uart_tx.v:]
WARNING: [filemgmt 56-199] Attempt to get parsing info during refresh. "On-the-fly" syntax checking information may be incorrect. [C:\Users\Jing Ting.LENOVO-T14\Downloads\Colab_DSL_Practice25-0865141e546e601a029f7c385b6bd2fd61b6fdb0\Demo_Code\T03_CmodA7_Uart_ADC\p2_cmoda7_MP3202_Demo.srcs\sources_1\new\drv_uart_tx.v:]
WARNING: [filemgmt 56-199] Attempt to get parsing info during refresh. "On-the-fly" syntax checking information may be incorrect. [C:\Users\Jing Ting.LENOVO-T14\Downloads\Colab_DSL_Practice25-0865141e546e601a029f7c385b6bd2fd61b6fdb0\Demo_Code\T03_CmodA7_Uart_ADC\p2_cmoda7_MP3202_Demo.srcs\sources_1\new\clock_div.v:]
WARNING: [filemgmt 56-199] Attempt to get parsing info during refresh. "On-the-fly" syntax checking information may be incorrect. [C:\Users\Jing Ting.LENOVO-T14\Downloads\Colab_DSL_Practice25-0865141e546e601a029f7c385b6bd2fd61b6fdb0\Demo_Code\T03_CmodA7_Uart_ADC\p2_cmoda7_MP3202_Demo.srcs\sources_1\new\topmodule.v:]
WARNING: [filemgmt 56-199] Attempt to get parsing info during refresh. "On-the-fly" syntax checking information may be incorrect. [C:\Users\Jing Ting.LENOVO-T14\Downloads\Colab_DSL_Practice25-0865141e546e601a029f7c385b6bd2fd61b6fdb0\Demo_Code\T03_CmodA7_Uart_ADC\p2_cmoda7_MP3202_Demo.srcs\sources_1\new\clock_div.v:]
WARNING: [filemgmt 56-199] Attempt to get parsing info during refresh. "On-the-fly" syntax checking information may be incorrect. [C:\Users\Jing Ting.LENOVO-T14\Downloads\Colab_DSL_Practice25-0865141e546e601a029f7c385b6bd2fd61b6fdb0\Demo_Code\T03_CmodA7_Uart_ADC\p2_cmoda7_MP3202_Demo.srcs\sources_1\new\clock_div.v:]
[Thu Mar 27 16:43:26 2025] Launched synth_1...
Run output will be captured here: C:/Users/Jing Ting.LENOVO-T14/Downloads/Colab_DSL_Practice25-0865141e546e601a029f7c385b6bd2fd61b6fdb0/Demo_Code/T03_CmodA7_Uart_ADC/p2_cmoda7_MP3202_Demo.runs/synth_1/runme.log
[Thu Mar 27 16:43:26 2025] Launched impl_1...
Run output will be captured here: C:/Users/Jing Ting.LENOVO-T14/Downloads/Colab_DSL_Practice25-0865141e546e601a029f7c385b6bd2fd61b6fdb0/Demo_Code/T03_CmodA7_Uart_ADC/p2_cmoda7_MP3202_Demo.runs/impl_1/runme.log
ERROR: [Common 17-180] Spawn failed: No error
open_hw_manager
connect_hw_server -allow_non_jtag
INFO: [Labtools 27-2285] Connecting to hw_server url TCP:localhost:3121
INFO: [Labtools 27-2222] Launching hw_server...
INFO: [Labtools 27-2221] Launch Output:

****** Xilinx hw_server v2024.2
  **** Build date : Oct 29 2024 at 10:25:41
    ** Copyright 1986-2022 Xilinx, Inc. All Rights Reserved.


INFO: [Labtools 27-3415] Connecting to cs_server url TCP:localhost:0
INFO: [Labtools 27-3417] Launching cs_server...
INFO: [Labtools 27-2221] Launch Output:


******** Xilinx cs_server v2024.2.0
  ****** Build date   : Oct 31 2024-02:19:07
    **** Build number : 2024.2.1730312347
      ** Copyright 2017-2022 Xilinx, Inc. All Rights Reserved.
      ** Copyright 2022-2025 Advanced Micro Devices, Inc. All Rights Reserved.



connect_hw_server: Time (s): cpu = 00:00:00 ; elapsed = 00:00:06 . Memory (MB): peak = 1285.141 ; gain = 0.000
open_hw_target
INFO: [Labtoolstcl 44-466] Opening hw_target localhost:3121/xilinx_tcf/Digilent/210328B995F7A
set_property PROGRAM.FILE {C:/Users/Jing Ting.LENOVO-T14/Downloads/Colab_DSL_Practice25-0865141e546e601a029f7c385b6bd2fd61b6fdb0/Demo_Code/T03_CmodA7_Uart_ADC/p2_cmoda7_MP3202_Demo.runs/impl_1/top_module.bit} [get_hw_devices xc7a35t_0]
current_hw_device [get_hw_devices xc7a35t_0]
refresh_hw_device -update_hw_probes false [lindex [get_hw_devices xc7a35t_0] 0]
INFO: [Labtools 27-1434] Device xc7a35t (JTAG device index = 0) is programmed with a design that has no supported debug core(s) in it.
create_hw_cfgmem -hw_device [get_hw_devices xc7a35t_0] -mem_dev [lindex [get_cfgmem_parts {mx25l3273f-spi-x1_x2_x4}] 0]
set_property PROBES.FILE {} [get_hw_devices xc7a35t_0]
set_property FULL_PROBES.FILE {} [get_hw_devices xc7a35t_0]
set_property PROGRAM.FILE {C:/Users/Jing Ting.LENOVO-T14/Downloads/Colab_DSL_Practice25-0865141e546e601a029f7c385b6bd2fd61b6fdb0/Demo_Code/T03_CmodA7_Uart_ADC/p2_cmoda7_MP3202_Demo.runs/impl_1/top_module.bit} [get_hw_devices xc7a35t_0]
program_hw_devices [get_hw_devices xc7a35t_0]
INFO: [Labtools 27-3164] End of startup status: HIGH
refresh_hw_device [lindex [get_hw_devices xc7a35t_0] 0]
INFO: [Labtools 27-1434] Device xc7a35t (JTAG device index = 0) is programmed with a design that has no supported debug core(s) in it.
close_hw_manager
WARNING: [filemgmt 56-199] Attempt to get parsing info during refresh. "On-the-fly" syntax checking information may be incorrect. [C:\Users\Jing Ting.LENOVO-T14\Downloads\Colab_DSL_Practice25-0865141e546e601a029f7c385b6bd2fd61b6fdb0\Demo_Code\T03_CmodA7_Uart_ADC\p2_cmoda7_MP3202_Demo.srcs\sources_1\new\clock_div.v:]
WARNING: [filemgmt 56-199] Attempt to get parsing info during refresh. "On-the-fly" syntax checking information may be incorrect. [C:\Users\Jing Ting.LENOVO-T14\Downloads\Colab_DSL_Practice25-0865141e546e601a029f7c385b6bd2fd61b6fdb0\Demo_Code\T03_CmodA7_Uart_ADC\p2_cmoda7_MP3202_Demo.srcs\sources_1\new\topmodule.v:]
WARNING: [filemgmt 56-199] Attempt to get parsing info during refresh. "On-the-fly" syntax checking information may be incorrect. [C:\Users\Jing Ting.LENOVO-T14\Downloads\Colab_DSL_Practice25-0865141e546e601a029f7c385b6bd2fd61b6fdb0\Demo_Code\T03_CmodA7_Uart_ADC\p2_cmoda7_MP3202_Demo.srcs\sources_1\new\clock_div.v:]
WARNING: [filemgmt 56-199] Attempt to get parsing info during refresh. "On-the-fly" syntax checking information may be incorrect. [C:\Users\Jing Ting.LENOVO-T14\Downloads\Colab_DSL_Practice25-0865141e546e601a029f7c385b6bd2fd61b6fdb0\Demo_Code\T03_CmodA7_Uart_ADC\p2_cmoda7_MP3202_Demo.srcs\sources_1\new\clock_div.v:]
ERROR: [Common 17-180] Spawn failed: No error
reset_run synth_1
INFO: [Project 1-1161] Replacing file C:/Users/Jing Ting.LENOVO-T14/Downloads/Colab_DSL_Practice25-0865141e546e601a029f7c385b6bd2fd61b6fdb0/Demo_Code/T03_CmodA7_Uart_ADC/p2_cmoda7_MP3202_Demo.srcs/utils_1/imports/synth_1/top_module.dcp with file C:/Users/Jing Ting.LENOVO-T14/Downloads/Colab_DSL_Practice25-0865141e546e601a029f7c385b6bd2fd61b6fdb0/Demo_Code/T03_CmodA7_Uart_ADC/p2_cmoda7_MP3202_Demo.runs/synth_1/top_module.dcp
launch_runs impl_1 -to_step write_bitstream
[Thu Mar 27 16:56:58 2025] Launched synth_1...
Run output will be captured here: C:/Users/Jing Ting.LENOVO-T14/Downloads/Colab_DSL_Practice25-0865141e546e601a029f7c385b6bd2fd61b6fdb0/Demo_Code/T03_CmodA7_Uart_ADC/p2_cmoda7_MP3202_Demo.runs/synth_1/runme.log
[Thu Mar 27 16:56:58 2025] Launched impl_1...
Run output will be captured here: C:/Users/Jing Ting.LENOVO-T14/Downloads/Colab_DSL_Practice25-0865141e546e601a029f7c385b6bd2fd61b6fdb0/Demo_Code/T03_CmodA7_Uart_ADC/p2_cmoda7_MP3202_Demo.runs/impl_1/runme.log
reset_run impl_1 -prev_step 
launch_runs impl_1 -to_step write_bitstream
[Thu Mar 27 17:12:39 2025] Launched impl_1...
Run output will be captured here: C:/Users/Jing Ting.LENOVO-T14/Downloads/Colab_DSL_Practice25-0865141e546e601a029f7c385b6bd2fd61b6fdb0/Demo_Code/T03_CmodA7_Uart_ADC/p2_cmoda7_MP3202_Demo.runs/impl_1/runme.log
open_hw_manager
connect_hw_server -allow_non_jtag
INFO: [Labtools 27-2285] Connecting to hw_server url TCP:localhost:3121
INFO: [Labtools 27-2222] Launching hw_server...
INFO: [Labtools 27-2221] Launch Output:

****** Xilinx hw_server v2024.2
  **** Build date : Oct 29 2024 at 10:25:41
    ** Copyright 1986-2022 Xilinx, Inc. All Rights Reserved.


INFO: [Labtools 27-3415] Connecting to cs_server url TCP:localhost:0
INFO: [Labtools 27-3417] Launching cs_server...
INFO: [Labtools 27-2221] Launch Output:


******** Xilinx cs_server v2024.2.0
  ****** Build date   : Oct 31 2024-02:19:07
    **** Build number : 2024.2.1730312347
      ** Copyright 2017-2022 Xilinx, Inc. All Rights Reserved.
      ** Copyright 2022-2025 Advanced Micro Devices, Inc. All Rights Reserved.



connect_hw_server: Time (s): cpu = 00:00:00 ; elapsed = 00:00:08 . Memory (MB): peak = 1299.578 ; gain = 0.000
open_hw_target
INFO: [Labtoolstcl 44-466] Opening hw_target localhost:3121/xilinx_tcf/Digilent/210328B995F7A
set_property PROGRAM.FILE {C:/Users/Jing Ting.LENOVO-T14/Downloads/Colab_DSL_Practice25-0865141e546e601a029f7c385b6bd2fd61b6fdb0/Demo_Code/T03_CmodA7_Uart_ADC/p2_cmoda7_MP3202_Demo.runs/impl_1/top_module.bit} [get_hw_devices xc7a35t_0]
current_hw_device [get_hw_devices xc7a35t_0]
refresh_hw_device -update_hw_probes false [lindex [get_hw_devices xc7a35t_0] 0]
INFO: [Labtools 27-1434] Device xc7a35t (JTAG device index = 0) is programmed with a design that has no supported debug core(s) in it.
create_hw_cfgmem -hw_device [get_hw_devices xc7a35t_0] -mem_dev [lindex [get_cfgmem_parts {mx25l3273f-spi-x1_x2_x4}] 0]
set_property PROBES.FILE {} [get_hw_devices xc7a35t_0]
set_property FULL_PROBES.FILE {} [get_hw_devices xc7a35t_0]
set_property PROGRAM.FILE {C:/Users/Jing Ting.LENOVO-T14/Downloads/Colab_DSL_Practice25-0865141e546e601a029f7c385b6bd2fd61b6fdb0/Demo_Code/T03_CmodA7_Uart_ADC/p2_cmoda7_MP3202_Demo.runs/impl_1/top_module.bit} [get_hw_devices xc7a35t_0]
program_hw_devices [get_hw_devices xc7a35t_0]
INFO: [Labtools 27-3164] End of startup status: HIGH
refresh_hw_device [lindex [get_hw_devices xc7a35t_0] 0]
INFO: [Labtools 27-1434] Device xc7a35t (JTAG device index = 0) is programmed with a design that has no supported debug core(s) in it.
exit
INFO: [Common 17-206] Exiting Vivado at Thu Mar 27 18:21:51 2025...
