Copyright 1986-2022 Xilinx, Inc. All Rights Reserved. Copyright 2022-2024 Advanced Micro Devices, Inc. All Rights Reserved.
---------------------------------------------------------------------------------------------------------------------------------------------
| Tool Version : Vivado v.2024.2 (win64) Build 5239630 Fri Nov 08 22:35:27 MST 2024
| Date         : Thu Mar  6 23:42:43 2025
| Host         : Suriya running 64-bit major release  (build 9200)
| Command      : report_control_sets -verbose -file ssd_control_sets_placed.rpt
| Design       : ssd
| Device       : xc7a35t
---------------------------------------------------------------------------------------------------------------------------------------------

Control Set Information

Table of Contents
-----------------
1. Summary
2. Histogram
3. Flip-Flop Distribution
4. Detailed Control Set Information

1. Summary
----------

+----------------------------------------------------------+-------+
|                          Status                          | Count |
+----------------------------------------------------------+-------+
| Total control sets                                       |     6 |
|    Minimum number of control sets                        |     6 |
|    Addition due to synthesis replication                 |     0 |
|    Addition due to physical synthesis replication        |     0 |
| Unused register locations in slices containing registers |    17 |
+----------------------------------------------------------+-------+
* Control sets can be merged at opt_design using control_set_merge or merge_equivalent_drivers
** Run report_qor_suggestions for automated merging and remapping suggestions


2. Histogram
------------

+--------------------+-------+
|       Fanout       | Count |
+--------------------+-------+
| Total control sets |     6 |
| >= 0 to < 4        |     1 |
| >= 4 to < 6        |     2 |
| >= 6 to < 8        |     2 |
| >= 8 to < 10       |     0 |
| >= 10 to < 12      |     0 |
| >= 12 to < 14      |     0 |
| >= 14 to < 16      |     0 |
| >= 16              |     1 |
+--------------------+-------+
* Control sets can be remapped at either synth_design or opt_design


3. Flip-Flop Distribution
-------------------------

+--------------+-----------------------+------------------------+-----------------+--------------+
| Clock Enable | Synchronous Set/Reset | Asynchronous Set/Reset | Total Registers | Total Slices |
+--------------+-----------------------+------------------------+-----------------+--------------+
| No           | No                    | No                     |               7 |            4 |
| No           | No                    | Yes                    |              56 |           22 |
| No           | Yes                   | No                     |               0 |            0 |
| Yes          | No                    | No                     |               0 |            0 |
| Yes          | No                    | Yes                    |               8 |            5 |
| Yes          | Yes                   | No                     |               0 |            0 |
+--------------+-----------------------+------------------------+-----------------+--------------+


4. Detailed Control Set Information
-----------------------------------

+--------------------+-------------------------------+------------------+------------------+----------------+--------------+
|    Clock Signal    |         Enable Signal         | Set/Reset Signal | Slice Load Count | Bel Load Count | Bels / Slice |
+--------------------+-------------------------------+------------------+------------------+----------------+--------------+
|  c0/CLK            |                               | btnR_IBUF        |                2 |              2 |         1.00 |
|  c1/clk_1out_reg_0 | time_data/min_ones[3]_i_1_n_0 | btnR_IBUF        |                3 |              4 |         1.33 |
|  c1/clk_1out_reg_0 | time_data/sec_tens[3]_i_1_n_0 | btnR_IBUF        |                2 |              4 |         2.00 |
|  c1/clk_1out_reg_0 |                               | btnR_IBUF        |                4 |              7 |         1.75 |
|  time_data/E[0]    |                               |                  |                4 |              7 |         1.75 |
|  clk_IBUF_BUFG     |                               | btnR_IBUF        |               16 |             47 |         2.94 |
+--------------------+-------------------------------+------------------+------------------+----------------+--------------+


