
*** Running vivado
    with args -log ssd.vds -m64 -product Vivado -mode batch -messageDb vivado.pb -notrace -source ssd.tcl



****** Vivado v2024.2 (64-bit)
  **** SW Build 5239630 on Fri Nov 08 22:35:27 MST 2024
  **** IP Build 5239520 on Sun Nov 10 16:12:51 MST 2024
  **** SharedData Build 5239561 on Fri Nov 08 14:39:27 MST 2024
  **** Start of session at: Thu Mar  6 23:39:58 2025
    ** Copyright 1986-2022 Xilinx, Inc. All Rights Reserved.
    ** Copyright 2022-2024 Advanced Micro Devices, Inc. All Rights Reserved.

source ssd.tcl -notrace
Command: read_checkpoint -auto_incremental -incremental {D:/SUTD/Term 8/DSL/Projects/DSL_group_03/Lab_02/Lab2_stopwatch/Lab2_stopwatch.srcs/utils_1/imports/synth_1/ssd.dcp}
INFO: [Vivado 12-5825] Read reference checkpoint from D:/SUTD/Term 8/DSL/Projects/DSL_group_03/Lab_02/Lab2_stopwatch/Lab2_stopwatch.srcs/utils_1/imports/synth_1/ssd.dcp for incremental synthesis
INFO: [Vivado 12-7989] Please ensure there are no constraint changes
Command: synth_design -top ssd -part xc7a35tcpg236-1
Starting synth_design
Attempting to get a license for feature 'Synthesis' and/or device 'xc7a35t'
INFO: [Common 17-349] Got license for feature 'Synthesis' and/or device 'xc7a35t'
INFO: [Device 21-403] Loading part xc7a35tcpg236-1
INFO: [Designutils 20-5440] No compile time benefit to using incremental synthesis; A full resynthesis will be run
INFO: [Designutils 20-4379] Flow is switching to default flow due to incremental criteria not met. If you would like to alter this behaviour and have the flow terminate instead, please set the following parameter config_implementation {autoIncr.Synth.RejectBehavior Terminate}
INFO: [Synth 8-7079] Multithreading enabled for synth_design using a maximum of 2 processes.
INFO: [Synth 8-7078] Launching helper process for spawning children vivado processes
INFO: [Synth 8-7075] Helper process launched with PID 159036
---------------------------------------------------------------------------------
Starting RTL Elaboration : Time (s): cpu = 00:00:09 ; elapsed = 00:00:09 . Memory (MB): peak = 951.895 ; gain = 468.465
---------------------------------------------------------------------------------
INFO: [Synth 8-6157] synthesizing module 'ssd' [D:/SUTD/Term 8/DSL/Projects/DSL_group_03/Lab_02/Lab2_stopwatch/Lab2_stopwatch.srcs/sources_1/new/Main_timer.v:39]
INFO: [Synth 8-6157] synthesizing module 'clk_100hz' [D:/SUTD/Term 8/DSL/Projects/DSL_group_03/Lab_02/Lab2_stopwatch/Lab2_stopwatch.srcs/sources_1/new/Main_timer.v:144]
INFO: [Synth 8-6155] done synthesizing module 'clk_100hz' (0#1) [D:/SUTD/Term 8/DSL/Projects/DSL_group_03/Lab_02/Lab2_stopwatch/Lab2_stopwatch.srcs/sources_1/new/Main_timer.v:144]
INFO: [Synth 8-6157] synthesizing module 'clk_1hz' [D:/SUTD/Term 8/DSL/Projects/DSL_group_03/Lab_02/Lab2_stopwatch/Lab2_stopwatch.srcs/sources_1/new/Main_timer.v:164]
INFO: [Synth 8-6155] done synthesizing module 'clk_1hz' (0#1) [D:/SUTD/Term 8/DSL/Projects/DSL_group_03/Lab_02/Lab2_stopwatch/Lab2_stopwatch.srcs/sources_1/new/Main_timer.v:164]
INFO: [Synth 8-6157] synthesizing module 'min_sec' [D:/SUTD/Term 8/DSL/Projects/DSL_group_03/Lab_02/Lab2_stopwatch/Lab2_stopwatch.srcs/sources_1/new/Main_timer.v:4]
INFO: [Synth 8-6155] done synthesizing module 'min_sec' (0#1) [D:/SUTD/Term 8/DSL/Projects/DSL_group_03/Lab_02/Lab2_stopwatch/Lab2_stopwatch.srcs/sources_1/new/Main_timer.v:4]
WARNING: [Synth 8-689] width (3) of port connection 'sec_tens' does not match port width (4) of module 'min_sec' [D:/SUTD/Term 8/DSL/Projects/DSL_group_03/Lab_02/Lab2_stopwatch/Lab2_stopwatch.srcs/sources_1/new/Main_timer.v:45]
INFO: [Synth 8-155] case statement is not full and has no default [D:/SUTD/Term 8/DSL/Projects/DSL_group_03/Lab_02/Lab2_stopwatch/Lab2_stopwatch.srcs/sources_1/new/Main_timer.v:67]
INFO: [Synth 8-155] case statement is not full and has no default [D:/SUTD/Term 8/DSL/Projects/DSL_group_03/Lab_02/Lab2_stopwatch/Lab2_stopwatch.srcs/sources_1/new/Main_timer.v:82]
INFO: [Synth 8-155] case statement is not full and has no default [D:/SUTD/Term 8/DSL/Projects/DSL_group_03/Lab_02/Lab2_stopwatch/Lab2_stopwatch.srcs/sources_1/new/Main_timer.v:93]
INFO: [Synth 8-155] case statement is not full and has no default [D:/SUTD/Term 8/DSL/Projects/DSL_group_03/Lab_02/Lab2_stopwatch/Lab2_stopwatch.srcs/sources_1/new/Main_timer.v:108]
INFO: [Synth 8-6155] done synthesizing module 'ssd' (0#1) [D:/SUTD/Term 8/DSL/Projects/DSL_group_03/Lab_02/Lab2_stopwatch/Lab2_stopwatch.srcs/sources_1/new/Main_timer.v:39]
---------------------------------------------------------------------------------
Finished RTL Elaboration : Time (s): cpu = 00:00:11 ; elapsed = 00:00:12 . Memory (MB): peak = 1056.891 ; gain = 573.461
---------------------------------------------------------------------------------
---------------------------------------------------------------------------------
Start Handling Custom Attributes
---------------------------------------------------------------------------------
---------------------------------------------------------------------------------
Finished Handling Custom Attributes : Time (s): cpu = 00:00:11 ; elapsed = 00:00:12 . Memory (MB): peak = 1056.891 ; gain = 573.461
---------------------------------------------------------------------------------
---------------------------------------------------------------------------------
Finished RTL Optimization Phase 1 : Time (s): cpu = 00:00:11 ; elapsed = 00:00:12 . Memory (MB): peak = 1056.891 ; gain = 573.461
---------------------------------------------------------------------------------
Netlist sorting complete. Time (s): cpu = 00:00:00 ; elapsed = 00:00:00.005 . Memory (MB): peak = 1056.891 ; gain = 0.000
INFO: [Project 1-570] Preparing netlist for logic optimization

Processing XDC Constraints
Initializing timing engine
Parsing XDC File [D:/SUTD/Term 8/DSL/Projects/DSL_group_03/Lab_02/Stopwatch_Lab_02/Basys-3-Master.xdc]
WARNING: [Vivado 12-584] No ports matched 'sw[0]'. [D:/SUTD/Term 8/DSL/Projects/DSL_group_03/Lab_02/Stopwatch_Lab_02/Basys-3-Master.xdc:12]
CRITICAL WARNING: [Common 17-55] 'set_property' expects at least one object. [D:/SUTD/Term 8/DSL/Projects/DSL_group_03/Lab_02/Stopwatch_Lab_02/Basys-3-Master.xdc:12]
Resolution: If [get_<value>] was used to populate the object, check to make sure this command returns at least one valid object.
WARNING: [Vivado 12-584] No ports matched 'sw[1]'. [D:/SUTD/Term 8/DSL/Projects/DSL_group_03/Lab_02/Stopwatch_Lab_02/Basys-3-Master.xdc:13]
CRITICAL WARNING: [Common 17-55] 'set_property' expects at least one object. [D:/SUTD/Term 8/DSL/Projects/DSL_group_03/Lab_02/Stopwatch_Lab_02/Basys-3-Master.xdc:13]
Resolution: If [get_<value>] was used to populate the object, check to make sure this command returns at least one valid object.
WARNING: [Vivado 12-584] No ports matched 'sw[2]'. [D:/SUTD/Term 8/DSL/Projects/DSL_group_03/Lab_02/Stopwatch_Lab_02/Basys-3-Master.xdc:14]
CRITICAL WARNING: [Common 17-55] 'set_property' expects at least one object. [D:/SUTD/Term 8/DSL/Projects/DSL_group_03/Lab_02/Stopwatch_Lab_02/Basys-3-Master.xdc:14]
Resolution: If [get_<value>] was used to populate the object, check to make sure this command returns at least one valid object.
WARNING: [Vivado 12-584] No ports matched 'sw[3]'. [D:/SUTD/Term 8/DSL/Projects/DSL_group_03/Lab_02/Stopwatch_Lab_02/Basys-3-Master.xdc:15]
CRITICAL WARNING: [Common 17-55] 'set_property' expects at least one object. [D:/SUTD/Term 8/DSL/Projects/DSL_group_03/Lab_02/Stopwatch_Lab_02/Basys-3-Master.xdc:15]
Resolution: If [get_<value>] was used to populate the object, check to make sure this command returns at least one valid object.
WARNING: [Vivado 12-584] No ports matched 'sw[4]'. [D:/SUTD/Term 8/DSL/Projects/DSL_group_03/Lab_02/Stopwatch_Lab_02/Basys-3-Master.xdc:16]
CRITICAL WARNING: [Common 17-55] 'set_property' expects at least one object. [D:/SUTD/Term 8/DSL/Projects/DSL_group_03/Lab_02/Stopwatch_Lab_02/Basys-3-Master.xdc:16]
Resolution: If [get_<value>] was used to populate the object, check to make sure this command returns at least one valid object.
WARNING: [Vivado 12-584] No ports matched 'sw[5]'. [D:/SUTD/Term 8/DSL/Projects/DSL_group_03/Lab_02/Stopwatch_Lab_02/Basys-3-Master.xdc:17]
CRITICAL WARNING: [Common 17-55] 'set_property' expects at least one object. [D:/SUTD/Term 8/DSL/Projects/DSL_group_03/Lab_02/Stopwatch_Lab_02/Basys-3-Master.xdc:17]
Resolution: If [get_<value>] was used to populate the object, check to make sure this command returns at least one valid object.
WARNING: [Vivado 12-584] No ports matched 'sw[6]'. [D:/SUTD/Term 8/DSL/Projects/DSL_group_03/Lab_02/Stopwatch_Lab_02/Basys-3-Master.xdc:18]
CRITICAL WARNING: [Common 17-55] 'set_property' expects at least one object. [D:/SUTD/Term 8/DSL/Projects/DSL_group_03/Lab_02/Stopwatch_Lab_02/Basys-3-Master.xdc:18]
Resolution: If [get_<value>] was used to populate the object, check to make sure this command returns at least one valid object.
WARNING: [Vivado 12-584] No ports matched 'sw[7]'. [D:/SUTD/Term 8/DSL/Projects/DSL_group_03/Lab_02/Stopwatch_Lab_02/Basys-3-Master.xdc:19]
CRITICAL WARNING: [Common 17-55] 'set_property' expects at least one object. [D:/SUTD/Term 8/DSL/Projects/DSL_group_03/Lab_02/Stopwatch_Lab_02/Basys-3-Master.xdc:19]
Resolution: If [get_<value>] was used to populate the object, check to make sure this command returns at least one valid object.
WARNING: [Vivado 12-584] No ports matched 'led[0]'. [D:/SUTD/Term 8/DSL/Projects/DSL_group_03/Lab_02/Stopwatch_Lab_02/Basys-3-Master.xdc:31]
CRITICAL WARNING: [Common 17-55] 'set_property' expects at least one object. [D:/SUTD/Term 8/DSL/Projects/DSL_group_03/Lab_02/Stopwatch_Lab_02/Basys-3-Master.xdc:31]
Resolution: If [get_<value>] was used to populate the object, check to make sure this command returns at least one valid object.
WARNING: [Vivado 12-584] No ports matched 'led[1]'. [D:/SUTD/Term 8/DSL/Projects/DSL_group_03/Lab_02/Stopwatch_Lab_02/Basys-3-Master.xdc:32]
CRITICAL WARNING: [Common 17-55] 'set_property' expects at least one object. [D:/SUTD/Term 8/DSL/Projects/DSL_group_03/Lab_02/Stopwatch_Lab_02/Basys-3-Master.xdc:32]
Resolution: If [get_<value>] was used to populate the object, check to make sure this command returns at least one valid object.
WARNING: [Vivado 12-584] No ports matched 'led[2]'. [D:/SUTD/Term 8/DSL/Projects/DSL_group_03/Lab_02/Stopwatch_Lab_02/Basys-3-Master.xdc:33]
CRITICAL WARNING: [Common 17-55] 'set_property' expects at least one object. [D:/SUTD/Term 8/DSL/Projects/DSL_group_03/Lab_02/Stopwatch_Lab_02/Basys-3-Master.xdc:33]
Resolution: If [get_<value>] was used to populate the object, check to make sure this command returns at least one valid object.
WARNING: [Vivado 12-584] No ports matched 'led[3]'. [D:/SUTD/Term 8/DSL/Projects/DSL_group_03/Lab_02/Stopwatch_Lab_02/Basys-3-Master.xdc:34]
CRITICAL WARNING: [Common 17-55] 'set_property' expects at least one object. [D:/SUTD/Term 8/DSL/Projects/DSL_group_03/Lab_02/Stopwatch_Lab_02/Basys-3-Master.xdc:34]
Resolution: If [get_<value>] was used to populate the object, check to make sure this command returns at least one valid object.
WARNING: [Vivado 12-584] No ports matched 'led[4]'. [D:/SUTD/Term 8/DSL/Projects/DSL_group_03/Lab_02/Stopwatch_Lab_02/Basys-3-Master.xdc:35]
CRITICAL WARNING: [Common 17-55] 'set_property' expects at least one object. [D:/SUTD/Term 8/DSL/Projects/DSL_group_03/Lab_02/Stopwatch_Lab_02/Basys-3-Master.xdc:35]
Resolution: If [get_<value>] was used to populate the object, check to make sure this command returns at least one valid object.
WARNING: [Vivado 12-584] No ports matched 'led[5]'. [D:/SUTD/Term 8/DSL/Projects/DSL_group_03/Lab_02/Stopwatch_Lab_02/Basys-3-Master.xdc:36]
CRITICAL WARNING: [Common 17-55] 'set_property' expects at least one object. [D:/SUTD/Term 8/DSL/Projects/DSL_group_03/Lab_02/Stopwatch_Lab_02/Basys-3-Master.xdc:36]
Resolution: If [get_<value>] was used to populate the object, check to make sure this command returns at least one valid object.
WARNING: [Vivado 12-584] No ports matched 'led[6]'. [D:/SUTD/Term 8/DSL/Projects/DSL_group_03/Lab_02/Stopwatch_Lab_02/Basys-3-Master.xdc:37]
CRITICAL WARNING: [Common 17-55] 'set_property' expects at least one object. [D:/SUTD/Term 8/DSL/Projects/DSL_group_03/Lab_02/Stopwatch_Lab_02/Basys-3-Master.xdc:37]
Resolution: If [get_<value>] was used to populate the object, check to make sure this command returns at least one valid object.
WARNING: [Vivado 12-584] No ports matched 'led[7]'. [D:/SUTD/Term 8/DSL/Projects/DSL_group_03/Lab_02/Stopwatch_Lab_02/Basys-3-Master.xdc:38]
CRITICAL WARNING: [Common 17-55] 'set_property' expects at least one object. [D:/SUTD/Term 8/DSL/Projects/DSL_group_03/Lab_02/Stopwatch_Lab_02/Basys-3-Master.xdc:38]
Resolution: If [get_<value>] was used to populate the object, check to make sure this command returns at least one valid object.
WARNING: [Vivado 12-584] No ports matched 'btnC'. [D:/SUTD/Term 8/DSL/Projects/DSL_group_03/Lab_02/Stopwatch_Lab_02/Basys-3-Master.xdc:67]
CRITICAL WARNING: [Common 17-55] 'set_property' expects at least one object. [D:/SUTD/Term 8/DSL/Projects/DSL_group_03/Lab_02/Stopwatch_Lab_02/Basys-3-Master.xdc:67]
Resolution: If [get_<value>] was used to populate the object, check to make sure this command returns at least one valid object.
WARNING: [Vivado 12-584] No ports matched 'btnU'. [D:/SUTD/Term 8/DSL/Projects/DSL_group_03/Lab_02/Stopwatch_Lab_02/Basys-3-Master.xdc:68]
CRITICAL WARNING: [Common 17-55] 'set_property' expects at least one object. [D:/SUTD/Term 8/DSL/Projects/DSL_group_03/Lab_02/Stopwatch_Lab_02/Basys-3-Master.xdc:68]
Resolution: If [get_<value>] was used to populate the object, check to make sure this command returns at least one valid object.
WARNING: [Vivado 12-584] No ports matched 'btnL'. [D:/SUTD/Term 8/DSL/Projects/DSL_group_03/Lab_02/Stopwatch_Lab_02/Basys-3-Master.xdc:69]
CRITICAL WARNING: [Common 17-55] 'set_property' expects at least one object. [D:/SUTD/Term 8/DSL/Projects/DSL_group_03/Lab_02/Stopwatch_Lab_02/Basys-3-Master.xdc:69]
Resolution: If [get_<value>] was used to populate the object, check to make sure this command returns at least one valid object.
WARNING: [Vivado 12-584] No ports matched 'btnD'. [D:/SUTD/Term 8/DSL/Projects/DSL_group_03/Lab_02/Stopwatch_Lab_02/Basys-3-Master.xdc:71]
CRITICAL WARNING: [Common 17-55] 'set_property' expects at least one object. [D:/SUTD/Term 8/DSL/Projects/DSL_group_03/Lab_02/Stopwatch_Lab_02/Basys-3-Master.xdc:71]
Resolution: If [get_<value>] was used to populate the object, check to make sure this command returns at least one valid object.
Finished Parsing XDC File [D:/SUTD/Term 8/DSL/Projects/DSL_group_03/Lab_02/Stopwatch_Lab_02/Basys-3-Master.xdc]
INFO: [Project 1-236] Implementation specific constraints were found while reading constraint file [D:/SUTD/Term 8/DSL/Projects/DSL_group_03/Lab_02/Stopwatch_Lab_02/Basys-3-Master.xdc]. These constraints will be ignored for synthesis but will be used in implementation. Impacted constraints are listed in the file [.Xil/ssd_propImpl.xdc].
Resolution: To avoid this warning, move constraints listed in [.Xil/ssd_propImpl.xdc] to another XDC file and exclude this new file from synthesis with the used_in_synthesis property (File Properties dialog in GUI) and re-run elaboration/synthesis.
Completed Processing XDC Constraints

Netlist sorting complete. Time (s): cpu = 00:00:00 ; elapsed = 00:00:00 . Memory (MB): peak = 1146.172 ; gain = 0.000
INFO: [Project 1-111] Unisim Transformation Summary:
No Unisim elements were transformed.

Constraint Validation Runtime : Time (s): cpu = 00:00:00 ; elapsed = 00:00:00.004 . Memory (MB): peak = 1146.172 ; gain = 0.000
INFO: [Designutils 20-5440] No compile time benefit to using incremental synthesis; A full resynthesis will be run
INFO: [Designutils 20-4379] Flow is switching to default flow due to incremental criteria not met. If you would like to alter this behaviour and have the flow terminate instead, please set the following parameter config_implementation {autoIncr.Synth.RejectBehavior Terminate}
---------------------------------------------------------------------------------
Finished Constraint Validation : Time (s): cpu = 00:00:24 ; elapsed = 00:00:26 . Memory (MB): peak = 1146.172 ; gain = 662.742
---------------------------------------------------------------------------------
---------------------------------------------------------------------------------
Start Loading Part and Timing Information
---------------------------------------------------------------------------------
Loading part: xc7a35tcpg236-1
---------------------------------------------------------------------------------
Finished Loading Part and Timing Information : Time (s): cpu = 00:00:24 ; elapsed = 00:00:26 . Memory (MB): peak = 1146.172 ; gain = 662.742
---------------------------------------------------------------------------------
---------------------------------------------------------------------------------
Start Applying 'set_property' XDC Constraints
---------------------------------------------------------------------------------
---------------------------------------------------------------------------------
Finished applying 'set_property' XDC Constraints : Time (s): cpu = 00:00:24 ; elapsed = 00:00:26 . Memory (MB): peak = 1146.172 ; gain = 662.742
---------------------------------------------------------------------------------
WARNING: [Synth 8-327] inferring latch for variable 'seg_reg' [D:/SUTD/Term 8/DSL/Projects/DSL_group_03/Lab_02/Lab2_stopwatch/Lab2_stopwatch.srcs/sources_1/new/Main_timer.v:68]
---------------------------------------------------------------------------------
Finished RTL Optimization Phase 2 : Time (s): cpu = 00:00:25 ; elapsed = 00:00:27 . Memory (MB): peak = 1146.172 ; gain = 662.742
---------------------------------------------------------------------------------
---------------------------------------------------------------------------------
Start RTL Component Statistics 
---------------------------------------------------------------------------------
Detailed RTL Component Info : 
+---Adders : 
	   2 Input   27 Bit       Adders := 1     
	   2 Input   18 Bit       Adders := 1     
	   2 Input    4 Bit       Adders := 3     
	   2 Input    3 Bit       Adders := 1     
	   2 Input    2 Bit       Adders := 1     
+---Registers : 
	               27 Bit    Registers := 1     
	               18 Bit    Registers := 1     
	                4 Bit    Registers := 3     
	                3 Bit    Registers := 1     
	                2 Bit    Registers := 1     
	                1 Bit    Registers := 2     
+---Muxes : 
	   7 Input    8 Bit        Muxes := 2     
	   2 Input    4 Bit        Muxes := 3     
	   4 Input    4 Bit        Muxes := 1     
	   2 Input    3 Bit        Muxes := 1     
	   2 Input    2 Bit        Muxes := 1     
	  11 Input    1 Bit        Muxes := 1     
	   7 Input    1 Bit        Muxes := 2     
---------------------------------------------------------------------------------
Finished RTL Component Statistics 
---------------------------------------------------------------------------------
---------------------------------------------------------------------------------
Start Part Resource Summary
---------------------------------------------------------------------------------
Part Resources:
DSPs: 90 (col length:60)
BRAMs: 100 (col length: RAMB18 60 RAMB36 30)
---------------------------------------------------------------------------------
Finished Part Resource Summary
---------------------------------------------------------------------------------
---------------------------------------------------------------------------------
Start Cross Boundary and Area Optimization
---------------------------------------------------------------------------------
WARNING: [Synth 8-7080] Parallel synthesis criteria is not met
WARNING: [Synth 8-3332] Sequential element (seg_reg[7]) is unused and will be removed from module ssd.
---------------------------------------------------------------------------------
Finished Cross Boundary and Area Optimization : Time (s): cpu = 00:00:29 ; elapsed = 00:00:32 . Memory (MB): peak = 1146.172 ; gain = 662.742
---------------------------------------------------------------------------------
---------------------------------------------------------------------------------
Start Applying XDC Timing Constraints
---------------------------------------------------------------------------------
---------------------------------------------------------------------------------
Finished Applying XDC Timing Constraints : Time (s): cpu = 00:00:39 ; elapsed = 00:00:43 . Memory (MB): peak = 1251.434 ; gain = 768.004
---------------------------------------------------------------------------------
---------------------------------------------------------------------------------
Start Timing Optimization
---------------------------------------------------------------------------------
---------------------------------------------------------------------------------
Finished Timing Optimization : Time (s): cpu = 00:00:40 ; elapsed = 00:00:43 . Memory (MB): peak = 1272.574 ; gain = 789.145
---------------------------------------------------------------------------------
---------------------------------------------------------------------------------
Start Technology Mapping
---------------------------------------------------------------------------------
---------------------------------------------------------------------------------
Finished Technology Mapping : Time (s): cpu = 00:00:40 ; elapsed = 00:00:43 . Memory (MB): peak = 1272.574 ; gain = 789.145
---------------------------------------------------------------------------------
---------------------------------------------------------------------------------
Start IO Insertion
---------------------------------------------------------------------------------
---------------------------------------------------------------------------------
Start Flattening Before IO Insertion
---------------------------------------------------------------------------------
---------------------------------------------------------------------------------
Finished Flattening Before IO Insertion
---------------------------------------------------------------------------------
---------------------------------------------------------------------------------
Start Final Netlist Cleanup
---------------------------------------------------------------------------------
---------------------------------------------------------------------------------
Finished Final Netlist Cleanup
---------------------------------------------------------------------------------
---------------------------------------------------------------------------------
Finished IO Insertion : Time (s): cpu = 00:00:46 ; elapsed = 00:00:50 . Memory (MB): peak = 1478.211 ; gain = 994.781
---------------------------------------------------------------------------------
---------------------------------------------------------------------------------
Start Renaming Generated Instances
---------------------------------------------------------------------------------
---------------------------------------------------------------------------------
Finished Renaming Generated Instances : Time (s): cpu = 00:00:46 ; elapsed = 00:00:50 . Memory (MB): peak = 1478.211 ; gain = 994.781
---------------------------------------------------------------------------------
---------------------------------------------------------------------------------
Start Rebuilding User Hierarchy
---------------------------------------------------------------------------------
---------------------------------------------------------------------------------
Finished Rebuilding User Hierarchy : Time (s): cpu = 00:00:46 ; elapsed = 00:00:50 . Memory (MB): peak = 1478.211 ; gain = 994.781
---------------------------------------------------------------------------------
---------------------------------------------------------------------------------
Start Renaming Generated Ports
---------------------------------------------------------------------------------
---------------------------------------------------------------------------------
Finished Renaming Generated Ports : Time (s): cpu = 00:00:46 ; elapsed = 00:00:50 . Memory (MB): peak = 1478.211 ; gain = 994.781
---------------------------------------------------------------------------------
---------------------------------------------------------------------------------
Start Handling Custom Attributes
---------------------------------------------------------------------------------
---------------------------------------------------------------------------------
Finished Handling Custom Attributes : Time (s): cpu = 00:00:46 ; elapsed = 00:00:51 . Memory (MB): peak = 1478.211 ; gain = 994.781
---------------------------------------------------------------------------------
---------------------------------------------------------------------------------
Start Renaming Generated Nets
---------------------------------------------------------------------------------
---------------------------------------------------------------------------------
Finished Renaming Generated Nets : Time (s): cpu = 00:00:46 ; elapsed = 00:00:51 . Memory (MB): peak = 1478.211 ; gain = 994.781
---------------------------------------------------------------------------------
---------------------------------------------------------------------------------
Start Writing Synthesis Report
---------------------------------------------------------------------------------

Report BlackBoxes: 
+-+--------------+----------+
| |BlackBox name |Instances |
+-+--------------+----------+
+-+--------------+----------+

Report Cell Usage: 
+------+-------+------+
|      |Cell   |Count |
+------+-------+------+
|1     |BUFG   |     1|
|2     |CARRY4 |    12|
|3     |LUT1   |     6|
|4     |LUT2   |    12|
|5     |LUT3   |     4|
|6     |LUT4   |    47|
|7     |LUT5   |    30|
|8     |LUT6   |    19|
|9     |MUXF7  |     1|
|10    |FDCE   |    64|
|11    |LD     |     7|
|12    |IBUF   |     2|
|13    |OBUF   |    12|
+------+-------+------+
---------------------------------------------------------------------------------
Finished Writing Synthesis Report : Time (s): cpu = 00:00:46 ; elapsed = 00:00:51 . Memory (MB): peak = 1478.211 ; gain = 994.781
---------------------------------------------------------------------------------
Synthesis finished with 0 errors, 0 critical warnings and 3 warnings.
Synthesis Optimization Runtime : Time (s): cpu = 00:00:33 ; elapsed = 00:00:47 . Memory (MB): peak = 1478.211 ; gain = 905.500
Synthesis Optimization Complete : Time (s): cpu = 00:00:47 ; elapsed = 00:00:51 . Memory (MB): peak = 1478.211 ; gain = 994.781
INFO: [Project 1-571] Translating synthesized netlist
Netlist sorting complete. Time (s): cpu = 00:00:00 ; elapsed = 00:00:00.003 . Memory (MB): peak = 1478.211 ; gain = 0.000
INFO: [Netlist 29-17] Analyzing 20 Unisim elements for replacement
INFO: [Netlist 29-28] Unisim Transformation completed in 0 CPU seconds
INFO: [Project 1-570] Preparing netlist for logic optimization
INFO: [Opt 31-138] Pushed 0 inverter(s) to 0 load pin(s).
Netlist sorting complete. Time (s): cpu = 00:00:00 ; elapsed = 00:00:00 . Memory (MB): peak = 1478.211 ; gain = 0.000
INFO: [Project 1-111] Unisim Transformation Summary:
  A total of 7 instances were transformed.
  LD => LDCE: 7 instances

Synth Design complete | Checksum: 11014500
INFO: [Common 17-83] Releasing license: Synthesis
33 Infos, 24 Warnings, 20 Critical Warnings and 0 Errors encountered.
synth_design completed successfully
synth_design: Time (s): cpu = 00:00:53 ; elapsed = 00:01:01 . Memory (MB): peak = 1478.211 ; gain = 1184.891
INFO: [runtcl-6] Synthesis results are not added to the cache due to CRITICAL_WARNING
Write ShapeDB Complete: Time (s): cpu = 00:00:00 ; elapsed = 00:00:00.002 . Memory (MB): peak = 1478.211 ; gain = 0.000
INFO: [Common 17-1381] The checkpoint 'D:/SUTD/Term 8/DSL/Projects/DSL_group_03/Lab_02/Lab2_stopwatch/Lab2_stopwatch.runs/synth_1/ssd.dcp' has been generated.
INFO: [Vivado 12-24828] Executing command : report_utilization -file ssd_utilization_synth.rpt -pb ssd_utilization_synth.pb
INFO: [Common 17-206] Exiting Vivado at Thu Mar  6 23:41:05 2025...
