Copyright 1986-2022 Xilinx, Inc. All Rights Reserved. Copyright 2022-2024 Advanced Micro Devices, Inc. All Rights Reserved.
-----------------------------------------------------------------------------------------------------------------------------------------------------------------------------
| Tool Version : Vivado v.2024.2 (win64) Build 5239630 Fri Nov 08 22:35:27 MST 2024
| Date         : Thu Apr 10 12:33:26 2025
| Host         : Lenovo-T14 running 64-bit major release  (build 9200)
| Command      : report_methodology -file chua_uart_rng_methodology_drc_routed.rpt -pb chua_uart_rng_methodology_drc_routed.pb -rpx chua_uart_rng_methodology_drc_routed.rpx
| Design       : chua_uart_rng
| Device       : xc7a35tcpg236-1
| Speed File   : -1
| Design State : Fully Routed
-----------------------------------------------------------------------------------------------------------------------------------------------------------------------------

Report Methodology

Table of Contents
-----------------
1. REPORT SUMMARY
2. REPORT DETAILS

1. REPORT SUMMARY
-----------------
            Netlist: netlist
          Floorplan: design_1
      Design limits: <entire design considered>
             Max checks: <unlimited>
             Checks found: 2
+-----------+----------+-------------------------------+--------+
| Rule      | Severity | Description                   | Checks |
+-----------+----------+-------------------------------+--------+
| TIMING-18 | Warning  | Missing input or output delay | 2      |
+-----------+----------+-------------------------------+--------+

2. REPORT DETAILS
-----------------
TIMING-18#1 Warning
Missing input or output delay  
An input delay is missing on rst relative to the rising and/or falling clock edge(s) of sys_clk_pin.
Related violations: <none>

TIMING-18#2 Warning
Missing input or output delay  
An output delay is missing on uart_txd_in relative to the rising and/or falling clock edge(s) of sys_clk_pin.
Related violations: <none>


